[debug] [2021-06-27T04:07:32.217Z] ----------------------------------------------------------------------
[debug] [2021-06-27T04:07:32.220Z] Command:       /usr/local/bin/node /usr/local/bin/firebase serve --only functions,hosting
[debug] [2021-06-27T04:07:32.221Z] CLI Version:   9.12.1
[debug] [2021-06-27T04:07:32.221Z] Platform:      darwin
[debug] [2021-06-27T04:07:32.221Z] Node Version:  v14.16.1
[debug] [2021-06-27T04:07:32.223Z] Time:          Sun Jun 27 2021 13:07:32 GMT+0900 (日本標準時)
[debug] [2021-06-27T04:07:32.223Z] ----------------------------------------------------------------------
[debug] 
[debug] [2021-06-27T04:07:32.236Z] > command requires scopes: ["email","openid","https://www.googleapis.com/auth/cloudplatformprojects.readonly","https://www.googleapis.com/auth/firebase","https://www.googleapis.com/auth/cloud-platform"]
[debug] [2021-06-27T04:07:32.236Z] > authorizing via signed-in user (5260a.rio@gmail.com)
[debug] [2021-06-27T04:07:32.236Z] [iam] checking project incline-chestpress for permissions ["firebase.projects.get"]
[debug] [2021-06-27T04:07:32.239Z] >>> HTTP REQUEST POST https://cloudresourcemanager.googleapis.com/v1/projects/incline-chestpress:testIamPermissions  
 {"permissions":["firebase.projects.get"]}
[debug] [2021-06-27T04:07:32.915Z] <<< HTTP RESPONSE 200 {"content-type":"application/json; charset=UTF-8","vary":"X-Origin, Referer, Origin,Accept-Encoding","date":"Sun, 27 Jun 2021 04:07:33 GMT","server":"ESF","cache-control":"private","x-xss-protection":"0","x-frame-options":"SAMEORIGIN","x-content-type-options":"nosniff","server-timing":"gfet4t7; dur=566","alt-svc":"h3=\":443\"; ma=2592000,h3-29=\":443\"; ma=2592000,h3-T051=\":443\"; ma=2592000,h3-Q050=\":443\"; ma=2592000,h3-Q046=\":443\"; ma=2592000,h3-Q043=\":443\"; ma=2592000,quic=\":443\"; ma=2592000; v=\"46,43\"","accept-ranges":"none","transfer-encoding":"chunked"}
[debug] [2021-06-27T04:07:32.919Z] > refreshing access token with scopes: []
[debug] [2021-06-27T04:07:32.919Z] >>> HTTP REQUEST POST https://www.googleapis.com/oauth2/v3/token  
 <request body omitted>
[debug] [2021-06-27T04:07:33.072Z] <<< HTTP RESPONSE 200 {"expires":"Mon, 01 Jan 1990 00:00:00 GMT","date":"Sun, 27 Jun 2021 04:07:33 GMT","cache-control":"no-cache, no-store, max-age=0, must-revalidate","pragma":"no-cache","content-type":"application/json; charset=utf-8","vary":"X-Origin, Referer, Origin,Accept-Encoding","server":"scaffolding on HTTPServer2","x-xss-protection":"0","x-frame-options":"SAMEORIGIN","x-content-type-options":"nosniff","alt-svc":"h3=\":443\"; ma=2592000,h3-29=\":443\"; ma=2592000,h3-T051=\":443\"; ma=2592000,h3-Q050=\":443\"; ma=2592000,h3-Q046=\":443\"; ma=2592000,h3-Q043=\":443\"; ma=2592000,quic=\":443\"; ma=2592000; v=\"46,43\"","accept-ranges":"none","transfer-encoding":"chunked"}
[debug] [2021-06-27T04:07:33.130Z] >>> [apiv2][query] GET https://firebase.googleapis.com/v1beta1/projects/incline-chestpress [none]
[debug] [2021-06-27T04:07:33.540Z] <<< [apiv2][status] GET https://firebase.googleapis.com/v1beta1/projects/incline-chestpress 200
[debug] [2021-06-27T04:07:33.540Z] <<< [apiv2][body] GET https://firebase.googleapis.com/v1beta1/projects/incline-chestpress {"projectId":"incline-chestpress","projectNumber":"737374460847","displayName":"Incline-chestpress","name":"projects/incline-chestpress","resources":{"hostingSite":"incline-chestpress","storageBucket":"incline-chestpress.appspot.com","locationId":"asia-northeast1"},"state":"ACTIVE"}
[debug] [2021-06-27T04:07:33.543Z] >>> [apiv2][query] GET https://firebasehosting.googleapis.com/v1beta1/projects/incline-chestpress/sites 
[info] ✔  functions: Using node@14 from host. {"metadata":{"emulator":{"name":"functions"},"message":"Using node@14 from host."}}
[debug] [2021-06-27T04:07:33.567Z] defaultcredentials: writing to file /Users/rio/.config/firebase/5260a_rio_gmail.com_application_default_credentials.json
[debug] [2021-06-27T04:07:33.569Z] Setting GAC to /Users/rio/.config/firebase/5260a_rio_gmail.com_application_default_credentials.json {"metadata":{"emulator":{"name":"functions"},"message":"Setting GAC to /Users/rio/.config/firebase/5260a_rio_gmail.com_application_default_credentials.json"}}
[debug] [2021-06-27T04:07:33.571Z] >>> [apiv2][query] GET https://firebase.googleapis.com/v1beta1/projects/incline-chestpress/adminSdkConfig [none]
[debug] [2021-06-27T04:07:34.149Z] <<< [apiv2][status] GET https://firebase.googleapis.com/v1beta1/projects/incline-chestpress/adminSdkConfig 200
[debug] [2021-06-27T04:07:34.149Z] <<< [apiv2][body] GET https://firebase.googleapis.com/v1beta1/projects/incline-chestpress/adminSdkConfig {"projectId":"incline-chestpress","storageBucket":"incline-chestpress.appspot.com","locationId":"asia-northeast1"}
[debug] [2021-06-27T04:07:34.535Z] <<< [apiv2][status] GET https://firebasehosting.googleapis.com/v1beta1/projects/incline-chestpress/sites 200
[debug] [2021-06-27T04:07:34.535Z] <<< [apiv2][body] GET https://firebasehosting.googleapis.com/v1beta1/projects/incline-chestpress/sites {"sites":[{"name":"projects/737374460847/sites/incline-chestpress","defaultUrl":"https://incline-chestpress.web.app","type":"DEFAULT_SITE"}]}
[debug] [2021-06-27T04:07:34.536Z] >>> [apiv2][query] GET https://firebase.googleapis.com/v1beta1/projects/incline-chestpress/webApps/-/config [none]
[debug] [2021-06-27T04:07:36.044Z] <<< [apiv2][status] GET https://firebase.googleapis.com/v1beta1/projects/incline-chestpress/webApps/-/config 200
[debug] [2021-06-27T04:07:36.044Z] <<< [apiv2][body] GET https://firebase.googleapis.com/v1beta1/projects/incline-chestpress/webApps/-/config {"projectId":"incline-chestpress","appId":"1:737374460847:web:6b85fccf26b377c84b2d5a","storageBucket":"incline-chestpress.appspot.com","locationId":"asia-northeast1","apiKey":"AIzaSyAVfr9fEtbManRw1XJxSnKQkf616hiUbVQ","authDomain":"incline-chestpress.firebaseapp.com","messagingSenderId":"737374460847","measurementId":"G-K32RKEGHNB"}
[info] i  functions: Watching "/Users/rio/Incline-Chestpress/functions" for Cloud Functions... {"metadata":{"emulator":{"name":"functions"},"message":"Watching \"/Users/rio/Incline-Chestpress/functions\" for Cloud Functions..."}}
[debug] [2021-06-27T04:07:36.113Z] [worker-pool] addWorker(~diagnostic~) {"metadata":{"emulator":{"name":"functions"},"message":"[worker-pool] addWorker(~diagnostic~)"}}
[debug] [2021-06-27T04:07:36.114Z] [worker-pool] Adding worker with key ~diagnostic~, total=1 {"metadata":{"emulator":{"name":"functions"},"message":"[worker-pool] Adding worker with key ~diagnostic~, total=1"}}
[debug] [2021-06-27T04:07:36.114Z] [worker-pool] submitWork(triggerId=) {"metadata":{"emulator":{"name":"functions"},"message":"[worker-pool] submitWork(triggerId=)"}}
[debug] [2021-06-27T04:07:36.115Z] [worker-~diagnostic~-3be51920-8f4f-4035-81ab-45054084f81e]: Assigning socketPath: /var/folders/6t/rwphtrh51358vzfbj6h4rkf00000gn/T/fire_emu_7994.sock {"metadata":{"emulator":{"name":"functions"},"message":"[worker-~diagnostic~-3be51920-8f4f-4035-81ab-45054084f81e]: Assigning socketPath: /var/folders/6t/rwphtrh51358vzfbj6h4rkf00000gn/T/fire_emu_7994.sock"}}
[debug] [2021-06-27T04:07:36.115Z] [worker-~diagnostic~-3be51920-8f4f-4035-81ab-45054084f81e]: BUSY {"metadata":{"emulator":{"name":"functions"},"message":"[worker-~diagnostic~-3be51920-8f4f-4035-81ab-45054084f81e]: BUSY"}}
[info] i  hosting: Serving hosting files from: dist {"metadata":{"emulator":{"name":"hosting"},"message":"Serving hosting files from: \u001b[1mdist\u001b[22m"}}
[info] ✔  hosting: Local server: http://localhost:5000 {"metadata":{"emulator":{"name":"hosting"},"message":"Local server: \u001b[4m\u001b[1mhttp://localhost:5000\u001b[22m\u001b[24m"}}
[debug] [2021-06-27T04:07:36.510Z] [runtime-status] [7994] Functions runtime initialized. {"cwd":"/Users/rio/Incline-Chestpress/functions","node_version":"14.16.1"} {"metadata":{"emulator":{"name":"functions"},"message":"[runtime-status] [7994] Functions runtime initialized. {\"cwd\":\"/Users/rio/Incline-Chestpress/functions\",\"node_version\":\"14.16.1\"}"}}
[debug] [2021-06-27T04:07:36.510Z] [runtime-status] [7994] Disabled runtime features: undefined {"metadata":{"emulator":{"name":"functions"},"message":"[runtime-status] [7994] Disabled runtime features: undefined"}}
[debug] [2021-06-27T04:07:36.514Z] [runtime-status] [7994] Resolved module firebase-admin {"declared":true,"installed":true,"version":"9.10.0","resolution":"/Users/rio/Incline-Chestpress/functions/node_modules/firebase-admin/lib/index.js"} {"metadata":{"emulator":{"name":"functions"},"message":"[runtime-status] [7994] Resolved module firebase-admin {\"declared\":true,\"installed\":true,\"version\":\"9.10.0\",\"resolution\":\"/Users/rio/Incline-Chestpress/functions/node_modules/firebase-admin/lib/index.js\"}"}}
[debug] [2021-06-27T04:07:36.517Z] [runtime-status] [7994] Resolved module firebase-functions {"declared":true,"installed":true,"version":"3.14.1","resolution":"/Users/rio/Incline-Chestpress/functions/node_modules/firebase-functions/lib/index.js"} {"metadata":{"emulator":{"name":"functions"},"message":"[runtime-status] [7994] Resolved module firebase-functions {\"declared\":true,\"installed\":true,\"version\":\"3.14.1\",\"resolution\":\"/Users/rio/Incline-Chestpress/functions/node_modules/firebase-functions/lib/index.js\"}"}}
[debug] [2021-06-27T04:07:36.523Z] [runtime-status] [7994] Resolved module firebase-functions {"declared":true,"installed":true,"version":"3.14.1","resolution":"/Users/rio/Incline-Chestpress/functions/node_modules/firebase-functions/lib/index.js"} {"metadata":{"emulator":{"name":"functions"},"message":"[runtime-status] [7994] Resolved module firebase-functions {\"declared\":true,\"installed\":true,\"version\":\"3.14.1\",\"resolution\":\"/Users/rio/Incline-Chestpress/functions/node_modules/firebase-functions/lib/index.js\"}"}}
[debug] [2021-06-27T04:07:36.527Z] [runtime-status] [7994] Outgoing network have been stubbed. [{"name":"http","status":"mocked"},{"name":"http","status":"mocked"},{"name":"https","status":"mocked"},{"name":"https","status":"mocked"},{"name":"net","status":"mocked"}] {"metadata":{"emulator":{"name":"functions"},"message":"[runtime-status] [7994] Outgoing network have been stubbed. [{\"name\":\"http\",\"status\":\"mocked\"},{\"name\":\"http\",\"status\":\"mocked\"},{\"name\":\"https\",\"status\":\"mocked\"},{\"name\":\"https\",\"status\":\"mocked\"},{\"name\":\"net\",\"status\":\"mocked\"}]"}}
[debug] [2021-06-27T04:07:36.528Z] [runtime-status] [7994] Resolved module firebase-functions {"declared":true,"installed":true,"version":"3.14.1","resolution":"/Users/rio/Incline-Chestpress/functions/node_modules/firebase-functions/lib/index.js"} {"metadata":{"emulator":{"name":"functions"},"message":"[runtime-status] [7994] Resolved module firebase-functions {\"declared\":true,\"installed\":true,\"version\":\"3.14.1\",\"resolution\":\"/Users/rio/Incline-Chestpress/functions/node_modules/firebase-functions/lib/index.js\"}"}}
[debug] [2021-06-27T04:07:36.611Z] [runtime-status] [7994] Checked functions.config() {"config":{}} {"metadata":{"emulator":{"name":"functions"},"message":"[runtime-status] [7994] Checked functions.config() {\"config\":{}}"}}
[debug] [2021-06-27T04:07:36.611Z] [runtime-status] [7994] firebase-functions has been stubbed. {"functionsResolution":{"declared":true,"installed":true,"version":"3.14.1","resolution":"/Users/rio/Incline-Chestpress/functions/node_modules/firebase-functions/lib/index.js"}} {"metadata":{"emulator":{"name":"functions"},"message":"[runtime-status] [7994] firebase-functions has been stubbed. {\"functionsResolution\":{\"declared\":true,\"installed\":true,\"version\":\"3.14.1\",\"resolution\":\"/Users/rio/Incline-Chestpress/functions/node_modules/firebase-functions/lib/index.js\"}}"}}
[debug] [2021-06-27T04:07:36.612Z] [runtime-status] [7994] Resolved module firebase-functions {"declared":true,"installed":true,"version":"3.14.1","resolution":"/Users/rio/Incline-Chestpress/functions/node_modules/firebase-functions/lib/index.js"} {"metadata":{"emulator":{"name":"functions"},"message":"[runtime-status] [7994] Resolved module firebase-functions {\"declared\":true,\"installed\":true,\"version\":\"3.14.1\",\"resolution\":\"/Users/rio/Incline-Chestpress/functions/node_modules/firebase-functions/lib/index.js\"}"}}
[debug] [2021-06-27T04:07:36.613Z] [runtime-status] [7994] Resolved module firebase-admin {"declared":true,"installed":true,"version":"9.10.0","resolution":"/Users/rio/Incline-Chestpress/functions/node_modules/firebase-admin/lib/index.js"} {"metadata":{"emulator":{"name":"functions"},"message":"[runtime-status] [7994] Resolved module firebase-admin {\"declared\":true,\"installed\":true,\"version\":\"9.10.0\",\"resolution\":\"/Users/rio/Incline-Chestpress/functions/node_modules/firebase-admin/lib/index.js\"}"}}
[debug] [2021-06-27T04:07:36.613Z] [runtime-status] [7994] Resolved module firebase-functions {"declared":true,"installed":true,"version":"3.14.1","resolution":"/Users/rio/Incline-Chestpress/functions/node_modules/firebase-functions/lib/index.js"} {"metadata":{"emulator":{"name":"functions"},"message":"[runtime-status] [7994] Resolved module firebase-functions {\"declared\":true,\"installed\":true,\"version\":\"3.14.1\",\"resolution\":\"/Users/rio/Incline-Chestpress/functions/node_modules/firebase-functions/lib/index.js\"}"}}
[debug] [2021-06-27T04:07:36.614Z] [runtime-status] [7994] firebase-admin has been stubbed. {"adminResolution":{"declared":true,"installed":true,"version":"9.10.0","resolution":"/Users/rio/Incline-Chestpress/functions/node_modules/firebase-admin/lib/index.js"}} {"metadata":{"emulator":{"name":"functions"},"message":"[runtime-status] [7994] firebase-admin has been stubbed. {\"adminResolution\":{\"declared\":true,\"installed\":true,\"version\":\"9.10.0\",\"resolution\":\"/Users/rio/Incline-Chestpress/functions/node_modules/firebase-admin/lib/index.js\"}}"}}
[info] ✔  functions[us-central1-app]: http function initialized (http://localhost:5001/incline-chestpress/us-central1/app). {"metadata":{"emulator":{"name":"functions"},"message":"\u001b[1mhttp\u001b[22m function initialized (http://localhost:5001/incline-chestpress/us-central1/app)."}}
[debug] [2021-06-27T04:07:36.886Z] [worker-~diagnostic~-3be51920-8f4f-4035-81ab-45054084f81e]: IDLE {"metadata":{"emulator":{"name":"functions"},"message":"[worker-~diagnostic~-3be51920-8f4f-4035-81ab-45054084f81e]: IDLE"}}
[debug] [2021-06-27T04:10:44.020Z] File /Users/rio/Incline-Chestpress/functions/index.js changed, reloading triggers {"metadata":{"emulator":{"name":"functions"},"message":"File /Users/rio/Incline-Chestpress/functions/index.js changed, reloading triggers"}}
[debug] [2021-06-27T04:10:45.025Z] [worker-pool] Shutting down IDLE worker (~diagnostic~) {"metadata":{"emulator":{"name":"functions"},"message":"[worker-pool] Shutting down IDLE worker (~diagnostic~)"}}
[debug] [2021-06-27T04:10:45.026Z] [worker-~diagnostic~-3be51920-8f4f-4035-81ab-45054084f81e]: FINISHING {"metadata":{"emulator":{"name":"functions"},"message":"[worker-~diagnostic~-3be51920-8f4f-4035-81ab-45054084f81e]: FINISHING"}}
[debug] [2021-06-27T04:10:45.039Z] [worker-pool] addWorker(~diagnostic~) {"metadata":{"emulator":{"name":"functions"},"message":"[worker-pool] addWorker(~diagnostic~)"}}
[debug] [2021-06-27T04:10:45.040Z] [worker-pool] Adding worker with key ~diagnostic~, total=2 {"metadata":{"emulator":{"name":"functions"},"message":"[worker-pool] Adding worker with key ~diagnostic~, total=2"}}
[debug] [2021-06-27T04:10:45.040Z] [worker-pool] submitWork(triggerId=) {"metadata":{"emulator":{"name":"functions"},"message":"[worker-pool] submitWork(triggerId=)"}}
[debug] [2021-06-27T04:10:45.041Z] [worker-~diagnostic~-475dc2c5-fe15-4463-8dea-9454c00b5baf]: Assigning socketPath: /var/folders/6t/rwphtrh51358vzfbj6h4rkf00000gn/T/fire_emu_8086.sock {"metadata":{"emulator":{"name":"functions"},"message":"[worker-~diagnostic~-475dc2c5-fe15-4463-8dea-9454c00b5baf]: Assigning socketPath: /var/folders/6t/rwphtrh51358vzfbj6h4rkf00000gn/T/fire_emu_8086.sock"}}
[debug] [2021-06-27T04:10:45.041Z] [worker-~diagnostic~-475dc2c5-fe15-4463-8dea-9454c00b5baf]: BUSY {"metadata":{"emulator":{"name":"functions"},"message":"[worker-~diagnostic~-475dc2c5-fe15-4463-8dea-9454c00b5baf]: BUSY"}}
[debug] [2021-06-27T04:10:45.044Z] [worker-~diagnostic~-3be51920-8f4f-4035-81ab-45054084f81e]: exited {"metadata":{"emulator":{"name":"functions"},"message":"[worker-~diagnostic~-3be51920-8f4f-4035-81ab-45054084f81e]: exited"}}
[debug] [2021-06-27T04:10:45.044Z] [worker-~diagnostic~-3be51920-8f4f-4035-81ab-45054084f81e]: FINISHED {"metadata":{"emulator":{"name":"functions"},"message":"[worker-~diagnostic~-3be51920-8f4f-4035-81ab-45054084f81e]: FINISHED"}}
[debug] [2021-06-27T04:10:45.313Z] [runtime-status] [8086] Functions runtime initialized. {"cwd":"/Users/rio/Incline-Chestpress/functions","node_version":"14.16.1"} {"metadata":{"emulator":{"name":"functions"},"message":"[runtime-status] [8086] Functions runtime initialized. {\"cwd\":\"/Users/rio/Incline-Chestpress/functions\",\"node_version\":\"14.16.1\"}"}}
[debug] [2021-06-27T04:10:45.314Z] [runtime-status] [8086] Disabled runtime features: undefined {"metadata":{"emulator":{"name":"functions"},"message":"[runtime-status] [8086] Disabled runtime features: undefined"}}
[debug] [2021-06-27T04:10:45.318Z] [runtime-status] [8086] Resolved module firebase-admin {"declared":true,"installed":true,"version":"9.10.0","resolution":"/Users/rio/Incline-Chestpress/functions/node_modules/firebase-admin/lib/index.js"} {"metadata":{"emulator":{"name":"functions"},"message":"[runtime-status] [8086] Resolved module firebase-admin {\"declared\":true,\"installed\":true,\"version\":\"9.10.0\",\"resolution\":\"/Users/rio/Incline-Chestpress/functions/node_modules/firebase-admin/lib/index.js\"}"}}
[debug] [2021-06-27T04:10:45.319Z] [runtime-status] [8086] Resolved module firebase-functions {"declared":true,"installed":true,"version":"3.14.1","resolution":"/Users/rio/Incline-Chestpress/functions/node_modules/firebase-functions/lib/index.js"} {"metadata":{"emulator":{"name":"functions"},"message":"[runtime-status] [8086] Resolved module firebase-functions {\"declared\":true,\"installed\":true,\"version\":\"3.14.1\",\"resolution\":\"/Users/rio/Incline-Chestpress/functions/node_modules/firebase-functions/lib/index.js\"}"}}
[debug] [2021-06-27T04:10:45.323Z] [runtime-status] [8086] Resolved module firebase-functions {"declared":true,"installed":true,"version":"3.14.1","resolution":"/Users/rio/Incline-Chestpress/functions/node_modules/firebase-functions/lib/index.js"} {"metadata":{"emulator":{"name":"functions"},"message":"[runtime-status] [8086] Resolved module firebase-functions {\"declared\":true,\"installed\":true,\"version\":\"3.14.1\",\"resolution\":\"/Users/rio/Incline-Chestpress/functions/node_modules/firebase-functions/lib/index.js\"}"}}
[debug] [2021-06-27T04:10:45.326Z] [runtime-status] [8086] Outgoing network have been stubbed. [{"name":"http","status":"mocked"},{"name":"http","status":"mocked"},{"name":"https","status":"mocked"},{"name":"https","status":"mocked"},{"name":"net","status":"mocked"}] {"metadata":{"emulator":{"name":"functions"},"message":"[runtime-status] [8086] Outgoing network have been stubbed. [{\"name\":\"http\",\"status\":\"mocked\"},{\"name\":\"http\",\"status\":\"mocked\"},{\"name\":\"https\",\"status\":\"mocked\"},{\"name\":\"https\",\"status\":\"mocked\"},{\"name\":\"net\",\"status\":\"mocked\"}]"}}
[debug] [2021-06-27T04:10:45.326Z] [runtime-status] [8086] Resolved module firebase-functions {"declared":true,"installed":true,"version":"3.14.1","resolution":"/Users/rio/Incline-Chestpress/functions/node_modules/firebase-functions/lib/index.js"} {"metadata":{"emulator":{"name":"functions"},"message":"[runtime-status] [8086] Resolved module firebase-functions {\"declared\":true,\"installed\":true,\"version\":\"3.14.1\",\"resolution\":\"/Users/rio/Incline-Chestpress/functions/node_modules/firebase-functions/lib/index.js\"}"}}
[debug] [2021-06-27T04:10:45.405Z] [runtime-status] [8086] Checked functions.config() {"config":{}} {"metadata":{"emulator":{"name":"functions"},"message":"[runtime-status] [8086] Checked functions.config() {\"config\":{}}"}}
[debug] [2021-06-27T04:10:45.405Z] [runtime-status] [8086] firebase-functions has been stubbed. {"functionsResolution":{"declared":true,"installed":true,"version":"3.14.1","resolution":"/Users/rio/Incline-Chestpress/functions/node_modules/firebase-functions/lib/index.js"}} {"metadata":{"emulator":{"name":"functions"},"message":"[runtime-status] [8086] firebase-functions has been stubbed. {\"functionsResolution\":{\"declared\":true,\"installed\":true,\"version\":\"3.14.1\",\"resolution\":\"/Users/rio/Incline-Chestpress/functions/node_modules/firebase-functions/lib/index.js\"}}"}}
[debug] [2021-06-27T04:10:45.406Z] [runtime-status] [8086] Resolved module firebase-functions {"declared":true,"installed":true,"version":"3.14.1","resolution":"/Users/rio/Incline-Chestpress/functions/node_modules/firebase-functions/lib/index.js"} {"metadata":{"emulator":{"name":"functions"},"message":"[runtime-status] [8086] Resolved module firebase-functions {\"declared\":true,\"installed\":true,\"version\":\"3.14.1\",\"resolution\":\"/Users/rio/Incline-Chestpress/functions/node_modules/firebase-functions/lib/index.js\"}"}}
[debug] [2021-06-27T04:10:45.407Z] [runtime-status] [8086] Resolved module firebase-admin {"declared":true,"installed":true,"version":"9.10.0","resolution":"/Users/rio/Incline-Chestpress/functions/node_modules/firebase-admin/lib/index.js"} {"metadata":{"emulator":{"name":"functions"},"message":"[runtime-status] [8086] Resolved module firebase-admin {\"declared\":true,\"installed\":true,\"version\":\"9.10.0\",\"resolution\":\"/Users/rio/Incline-Chestpress/functions/node_modules/firebase-admin/lib/index.js\"}"}}
[debug] [2021-06-27T04:10:45.407Z] [runtime-status] [8086] Resolved module firebase-functions {"declared":true,"installed":true,"version":"3.14.1","resolution":"/Users/rio/Incline-Chestpress/functions/node_modules/firebase-functions/lib/index.js"} {"metadata":{"emulator":{"name":"functions"},"message":"[runtime-status] [8086] Resolved module firebase-functions {\"declared\":true,\"installed\":true,\"version\":\"3.14.1\",\"resolution\":\"/Users/rio/Incline-Chestpress/functions/node_modules/firebase-functions/lib/index.js\"}"}}
[debug] [2021-06-27T04:10:45.407Z] [runtime-status] [8086] firebase-admin has been stubbed. {"adminResolution":{"declared":true,"installed":true,"version":"9.10.0","resolution":"/Users/rio/Incline-Chestpress/functions/node_modules/firebase-admin/lib/index.js"}} {"metadata":{"emulator":{"name":"functions"},"message":"[runtime-status] [8086] firebase-admin has been stubbed. {\"adminResolution\":{\"declared\":true,\"installed\":true,\"version\":\"9.10.0\",\"resolution\":\"/Users/rio/Incline-Chestpress/functions/node_modules/firebase-admin/lib/index.js\"}}"}}
[debug] [2021-06-27T04:10:45.639Z] [worker-~diagnostic~-475dc2c5-fe15-4463-8dea-9454c00b5baf]: IDLE {"metadata":{"emulator":{"name":"functions"},"message":"[worker-~diagnostic~-475dc2c5-fe15-4463-8dea-9454c00b5baf]: IDLE"}}
[debug] [2021-06-27T04:11:52.438Z] File /Users/rio/Incline-Chestpress/functions/package.json changed, reloading triggers {"metadata":{"emulator":{"name":"functions"},"message":"File /Users/rio/Incline-Chestpress/functions/package.json changed, reloading triggers"}}
[debug] [2021-06-27T04:11:53.444Z] [worker-pool] Shutting down IDLE worker (~diagnostic~) {"metadata":{"emulator":{"name":"functions"},"message":"[worker-pool] Shutting down IDLE worker (~diagnostic~)"}}
[debug] [2021-06-27T04:11:53.445Z] [worker-~diagnostic~-475dc2c5-fe15-4463-8dea-9454c00b5baf]: FINISHING {"metadata":{"emulator":{"name":"functions"},"message":"[worker-~diagnostic~-475dc2c5-fe15-4463-8dea-9454c00b5baf]: FINISHING"}}
[debug] [2021-06-27T04:11:53.445Z] [worker-pool] Cleaned up workers for ~diagnostic~: 2 --> 1 {"metadata":{"emulator":{"name":"functions"},"message":"[worker-pool] Cleaned up workers for ~diagnostic~: 2 --> 1"}}
[debug] [2021-06-27T04:11:53.459Z] [worker-pool] addWorker(~diagnostic~) {"metadata":{"emulator":{"name":"functions"},"message":"[worker-pool] addWorker(~diagnostic~)"}}
[debug] [2021-06-27T04:11:53.461Z] [worker-pool] Adding worker with key ~diagnostic~, total=2 {"metadata":{"emulator":{"name":"functions"},"message":"[worker-pool] Adding worker with key ~diagnostic~, total=2"}}
[debug] [2021-06-27T04:11:53.461Z] [worker-pool] submitWork(triggerId=) {"metadata":{"emulator":{"name":"functions"},"message":"[worker-pool] submitWork(triggerId=)"}}
[debug] [2021-06-27T04:11:53.462Z] [worker-~diagnostic~-89ffc14e-09a2-407a-80b8-e6294eaf9fa8]: Assigning socketPath: /var/folders/6t/rwphtrh51358vzfbj6h4rkf00000gn/T/fire_emu_8109.sock {"metadata":{"emulator":{"name":"functions"},"message":"[worker-~diagnostic~-89ffc14e-09a2-407a-80b8-e6294eaf9fa8]: Assigning socketPath: /var/folders/6t/rwphtrh51358vzfbj6h4rkf00000gn/T/fire_emu_8109.sock"}}
[debug] [2021-06-27T04:11:53.462Z] [worker-~diagnostic~-89ffc14e-09a2-407a-80b8-e6294eaf9fa8]: BUSY {"metadata":{"emulator":{"name":"functions"},"message":"[worker-~diagnostic~-89ffc14e-09a2-407a-80b8-e6294eaf9fa8]: BUSY"}}
[debug] [2021-06-27T04:11:53.466Z] [worker-~diagnostic~-475dc2c5-fe15-4463-8dea-9454c00b5baf]: exited {"metadata":{"emulator":{"name":"functions"},"message":"[worker-~diagnostic~-475dc2c5-fe15-4463-8dea-9454c00b5baf]: exited"}}
[debug] [2021-06-27T04:11:53.467Z] [worker-~diagnostic~-475dc2c5-fe15-4463-8dea-9454c00b5baf]: FINISHED {"metadata":{"emulator":{"name":"functions"},"message":"[worker-~diagnostic~-475dc2c5-fe15-4463-8dea-9454c00b5baf]: FINISHED"}}
[debug] [2021-06-27T04:11:53.998Z] [runtime-status] [8109] Functions runtime initialized. {"cwd":"/Users/rio/Incline-Chestpress/functions","node_version":"14.16.1"} {"metadata":{"emulator":{"name":"functions"},"message":"[runtime-status] [8109] Functions runtime initialized. {\"cwd\":\"/Users/rio/Incline-Chestpress/functions\",\"node_version\":\"14.16.1\"}"}}
[debug] [2021-06-27T04:11:54.000Z] [runtime-status] [8109] Disabled runtime features: undefined {"metadata":{"emulator":{"name":"functions"},"message":"[runtime-status] [8109] Disabled runtime features: undefined"}}
[warn] ⚠  The Cloud Functions directory you specified does not have a "package.json" file, so we can't load it. {"metadata":{"emulator":{"name":"functions"},"message":"The Cloud Functions directory you specified does not have a \"package.json\" file, so we can't load it."}}
[debug] [2021-06-27T04:11:54.003Z] [runtime-status] [8109] Error in handleMessage: {"frb":{"cwd":"/Users/rio/Incline-Chestpress/functions","projectId":"incline-chestpress","triggerId":"","targetName":"","emulators":{},"adminSdkConfig":{"storageBucket":"incline-chestpress.appspot.com"},"socketPath":"/var/folders/6t/rwphtrh51358vzfbj6h4rkf00000gn/T/fire_emu_8109.sock"},"opts":{"nodeBinary":"/usr/local/bin/node","env":{"GOOGLE_APPLICATION_CREDENTIALS":"/Users/rio/.config/firebase/5260a_rio_gmail.com_application_default_credentials.json"}}} => Error: Could not find package.json: Error: Could not find package.json
    at resolveDeveloperNodeModule (/usr/local/lib/node_modules/firebase-tools/lib/emulator/functionsEmulatorRuntime.js:107:15)
    at verifyDeveloperNodeModules (/usr/local/lib/node_modules/firebase-tools/lib/emulator/functionsEmulatorRuntime.js:142:34)
    at initializeRuntime (/usr/local/lib/node_modules/firebase-tools/lib/emulator/functionsEmulatorRuntime.js:667:28)
    at handleMessage (/usr/local/lib/node_modules/firebase-tools/lib/emulator/functionsEmulatorRuntime.js:723:26)
    at /usr/local/lib/node_modules/firebase-tools/lib/emulator/functionsEmulatorRuntime.js:776:20
    at processTicksAndRejections (internal/process/task_queues.js:93:5) {"metadata":{"emulator":{"name":"functions"},"message":"[runtime-status] [8109] Error in handleMessage: {\"frb\":{\"cwd\":\"/Users/rio/Incline-Chestpress/functions\",\"projectId\":\"incline-chestpress\",\"triggerId\":\"\",\"targetName\":\"\",\"emulators\":{},\"adminSdkConfig\":{\"storageBucket\":\"incline-chestpress.appspot.com\"},\"socketPath\":\"/var/folders/6t/rwphtrh51358vzfbj6h4rkf00000gn/T/fire_emu_8109.sock\"},\"opts\":{\"nodeBinary\":\"/usr/local/bin/node\",\"env\":{\"GOOGLE_APPLICATION_CREDENTIALS\":\"/Users/rio/.config/firebase/5260a_rio_gmail.com_application_default_credentials.json\"}}} => Error: Could not find package.json: Error: Could not find package.json\n    at resolveDeveloperNodeModule (/usr/local/lib/node_modules/firebase-tools/lib/emulator/functionsEmulatorRuntime.js:107:15)\n    at verifyDeveloperNodeModules (/usr/local/lib/node_modules/firebase-tools/lib/emulator/functionsEmulatorRuntime.js:142:34)\n    at initializeRuntime (/usr/local/lib/node_modules/firebase-tools/lib/emulator/functionsEmulatorRuntime.js:667:28)\n    at handleMessage (/usr/local/lib/node_modules/firebase-tools/lib/emulator/functionsEmulatorRuntime.js:723:26)\n    at /usr/local/lib/node_modules/firebase-tools/lib/emulator/functionsEmulatorRuntime.js:776:20\n    at processTicksAndRejections (internal/process/task_queues.js:93:5)"}}
[warn] ⚠  functions: Could not find package.json {"metadata":{"emulator":{"name":"functions"},"message":"Could not find package.json"}}
[warn] ⚠  Your function was killed because it raised an unhandled error. {"metadata":{"emulator":{"name":"functions"},"message":"Your function was killed because it raised an unhandled error."}}
[debug] [2021-06-27T04:11:54.009Z] [worker-~diagnostic~-89ffc14e-09a2-407a-80b8-e6294eaf9fa8]: exited {"metadata":{"emulator":{"name":"functions"},"message":"[worker-~diagnostic~-89ffc14e-09a2-407a-80b8-e6294eaf9fa8]: exited"}}
[debug] [2021-06-27T04:11:54.009Z] [worker-~diagnostic~-89ffc14e-09a2-407a-80b8-e6294eaf9fa8]: FINISHED {"metadata":{"emulator":{"name":"functions"},"message":"[worker-~diagnostic~-89ffc14e-09a2-407a-80b8-e6294eaf9fa8]: FINISHED"}}
[debug] [2021-06-27T04:12:25.541Z] File /Users/rio/Incline-Chestpress/functions/package.json changed, reloading triggers {"metadata":{"emulator":{"name":"functions"},"message":"File /Users/rio/Incline-Chestpress/functions/package.json changed, reloading triggers"}}
[debug] [2021-06-27T04:12:26.547Z] [worker-pool] Cleaned up workers for ~diagnostic~: 2 --> 0 {"metadata":{"emulator":{"name":"functions"},"message":"[worker-pool] Cleaned up workers for ~diagnostic~: 2 --> 0"}}
[debug] [2021-06-27T04:12:26.554Z] [worker-pool] addWorker(~diagnostic~) {"metadata":{"emulator":{"name":"functions"},"message":"[worker-pool] addWorker(~diagnostic~)"}}
[debug] [2021-06-27T04:12:26.555Z] [worker-pool] Adding worker with key ~diagnostic~, total=1 {"metadata":{"emulator":{"name":"functions"},"message":"[worker-pool] Adding worker with key ~diagnostic~, total=1"}}
[debug] [2021-06-27T04:12:26.555Z] [worker-pool] submitWork(triggerId=) {"metadata":{"emulator":{"name":"functions"},"message":"[worker-pool] submitWork(triggerId=)"}}
[debug] [2021-06-27T04:12:26.555Z] [worker-~diagnostic~-e0e46b65-011a-45a8-88dc-27799d25aeac]: Assigning socketPath: /var/folders/6t/rwphtrh51358vzfbj6h4rkf00000gn/T/fire_emu_8146.sock {"metadata":{"emulator":{"name":"functions"},"message":"[worker-~diagnostic~-e0e46b65-011a-45a8-88dc-27799d25aeac]: Assigning socketPath: /var/folders/6t/rwphtrh51358vzfbj6h4rkf00000gn/T/fire_emu_8146.sock"}}
[debug] [2021-06-27T04:12:26.555Z] [worker-~diagnostic~-e0e46b65-011a-45a8-88dc-27799d25aeac]: BUSY {"metadata":{"emulator":{"name":"functions"},"message":"[worker-~diagnostic~-e0e46b65-011a-45a8-88dc-27799d25aeac]: BUSY"}}
[debug] [2021-06-27T04:12:26.966Z] [runtime-status] [8146] Functions runtime initialized. {"cwd":"/Users/rio/Incline-Chestpress/functions","node_version":"14.16.1"} {"metadata":{"emulator":{"name":"functions"},"message":"[runtime-status] [8146] Functions runtime initialized. {\"cwd\":\"/Users/rio/Incline-Chestpress/functions\",\"node_version\":\"14.16.1\"}"}}
[debug] [2021-06-27T04:12:26.969Z] [runtime-status] [8146] Disabled runtime features: undefined {"metadata":{"emulator":{"name":"functions"},"message":"[runtime-status] [8146] Disabled runtime features: undefined"}}
[warn] ⚠  The Cloud Functions directory you specified does not have a "package.json" file, so we can't load it. {"metadata":{"emulator":{"name":"functions"},"message":"The Cloud Functions directory you specified does not have a \"package.json\" file, so we can't load it."}}
[debug] [2021-06-27T04:12:26.972Z] [runtime-status] [8146] Error in handleMessage: {"frb":{"cwd":"/Users/rio/Incline-Chestpress/functions","projectId":"incline-chestpress","triggerId":"","targetName":"","emulators":{},"adminSdkConfig":{"storageBucket":"incline-chestpress.appspot.com"},"socketPath":"/var/folders/6t/rwphtrh51358vzfbj6h4rkf00000gn/T/fire_emu_8146.sock"},"opts":{"nodeBinary":"/usr/local/bin/node","env":{"GOOGLE_APPLICATION_CREDENTIALS":"/Users/rio/.config/firebase/5260a_rio_gmail.com_application_default_credentials.json"}}} => Error: Could not find package.json: Error: Could not find package.json
    at resolveDeveloperNodeModule (/usr/local/lib/node_modules/firebase-tools/lib/emulator/functionsEmulatorRuntime.js:107:15)
    at verifyDeveloperNodeModules (/usr/local/lib/node_modules/firebase-tools/lib/emulator/functionsEmulatorRuntime.js:142:34)
    at initializeRuntime (/usr/local/lib/node_modules/firebase-tools/lib/emulator/functionsEmulatorRuntime.js:667:28)
    at handleMessage (/usr/local/lib/node_modules/firebase-tools/lib/emulator/functionsEmulatorRuntime.js:723:26)
    at /usr/local/lib/node_modules/firebase-tools/lib/emulator/functionsEmulatorRuntime.js:776:20
    at processTicksAndRejections (internal/process/task_queues.js:93:5) {"metadata":{"emulator":{"name":"functions"},"message":"[runtime-status] [8146] Error in handleMessage: {\"frb\":{\"cwd\":\"/Users/rio/Incline-Chestpress/functions\",\"projectId\":\"incline-chestpress\",\"triggerId\":\"\",\"targetName\":\"\",\"emulators\":{},\"adminSdkConfig\":{\"storageBucket\":\"incline-chestpress.appspot.com\"},\"socketPath\":\"/var/folders/6t/rwphtrh51358vzfbj6h4rkf00000gn/T/fire_emu_8146.sock\"},\"opts\":{\"nodeBinary\":\"/usr/local/bin/node\",\"env\":{\"GOOGLE_APPLICATION_CREDENTIALS\":\"/Users/rio/.config/firebase/5260a_rio_gmail.com_application_default_credentials.json\"}}} => Error: Could not find package.json: Error: Could not find package.json\n    at resolveDeveloperNodeModule (/usr/local/lib/node_modules/firebase-tools/lib/emulator/functionsEmulatorRuntime.js:107:15)\n    at verifyDeveloperNodeModules (/usr/local/lib/node_modules/firebase-tools/lib/emulator/functionsEmulatorRuntime.js:142:34)\n    at initializeRuntime (/usr/local/lib/node_modules/firebase-tools/lib/emulator/functionsEmulatorRuntime.js:667:28)\n    at handleMessage (/usr/local/lib/node_modules/firebase-tools/lib/emulator/functionsEmulatorRuntime.js:723:26)\n    at /usr/local/lib/node_modules/firebase-tools/lib/emulator/functionsEmulatorRuntime.js:776:20\n    at processTicksAndRejections (internal/process/task_queues.js:93:5)"}}
[warn] ⚠  functions: Could not find package.json {"metadata":{"emulator":{"name":"functions"},"message":"Could not find package.json"}}
[warn] ⚠  Your function was killed because it raised an unhandled error. {"metadata":{"emulator":{"name":"functions"},"message":"Your function was killed because it raised an unhandled error."}}
[debug] [2021-06-27T04:12:26.978Z] [worker-~diagnostic~-e0e46b65-011a-45a8-88dc-27799d25aeac]: exited {"metadata":{"emulator":{"name":"functions"},"message":"[worker-~diagnostic~-e0e46b65-011a-45a8-88dc-27799d25aeac]: exited"}}
[debug] [2021-06-27T04:12:26.979Z] [worker-~diagnostic~-e0e46b65-011a-45a8-88dc-27799d25aeac]: FINISHED {"metadata":{"emulator":{"name":"functions"},"message":"[worker-~diagnostic~-e0e46b65-011a-45a8-88dc-27799d25aeac]: FINISHED"}}
[debug] [2021-06-27T04:12:51.256Z] File /Users/rio/Incline-Chestpress/functions/package.json changed, reloading triggers {"metadata":{"emulator":{"name":"functions"},"message":"File /Users/rio/Incline-Chestpress/functions/package.json changed, reloading triggers"}}
[debug] [2021-06-27T04:12:52.261Z] [worker-pool] Cleaned up workers for ~diagnostic~: 1 --> 0 {"metadata":{"emulator":{"name":"functions"},"message":"[worker-pool] Cleaned up workers for ~diagnostic~: 1 --> 0"}}
[debug] [2021-06-27T04:12:52.272Z] [worker-pool] addWorker(~diagnostic~) {"metadata":{"emulator":{"name":"functions"},"message":"[worker-pool] addWorker(~diagnostic~)"}}
[debug] [2021-06-27T04:12:52.273Z] [worker-pool] Adding worker with key ~diagnostic~, total=1 {"metadata":{"emulator":{"name":"functions"},"message":"[worker-pool] Adding worker with key ~diagnostic~, total=1"}}
[debug] [2021-06-27T04:12:52.273Z] [worker-pool] submitWork(triggerId=) {"metadata":{"emulator":{"name":"functions"},"message":"[worker-pool] submitWork(triggerId=)"}}
[debug] [2021-06-27T04:12:52.274Z] [worker-~diagnostic~-0f7e6419-311a-43b5-8ad7-274344a8e348]: Assigning socketPath: /var/folders/6t/rwphtrh51358vzfbj6h4rkf00000gn/T/fire_emu_8158.sock {"metadata":{"emulator":{"name":"functions"},"message":"[worker-~diagnostic~-0f7e6419-311a-43b5-8ad7-274344a8e348]: Assigning socketPath: /var/folders/6t/rwphtrh51358vzfbj6h4rkf00000gn/T/fire_emu_8158.sock"}}
[debug] [2021-06-27T04:12:52.274Z] [worker-~diagnostic~-0f7e6419-311a-43b5-8ad7-274344a8e348]: BUSY {"metadata":{"emulator":{"name":"functions"},"message":"[worker-~diagnostic~-0f7e6419-311a-43b5-8ad7-274344a8e348]: BUSY"}}
[debug] [2021-06-27T04:12:52.775Z] [runtime-status] [8158] Functions runtime initialized. {"cwd":"/Users/rio/Incline-Chestpress/functions","node_version":"14.16.1"} {"metadata":{"emulator":{"name":"functions"},"message":"[runtime-status] [8158] Functions runtime initialized. {\"cwd\":\"/Users/rio/Incline-Chestpress/functions\",\"node_version\":\"14.16.1\"}"}}
[debug] [2021-06-27T04:12:52.777Z] [runtime-status] [8158] Disabled runtime features: undefined {"metadata":{"emulator":{"name":"functions"},"message":"[runtime-status] [8158] Disabled runtime features: undefined"}}
[debug] [2021-06-27T04:12:52.782Z] [runtime-status] [8158] Resolved module firebase-admin {"declared":true,"installed":true,"version":"9.10.0","resolution":"/Users/rio/Incline-Chestpress/functions/node_modules/firebase-admin/lib/index.js"} {"metadata":{"emulator":{"name":"functions"},"message":"[runtime-status] [8158] Resolved module firebase-admin {\"declared\":true,\"installed\":true,\"version\":\"9.10.0\",\"resolution\":\"/Users/rio/Incline-Chestpress/functions/node_modules/firebase-admin/lib/index.js\"}"}}
[debug] [2021-06-27T04:12:52.783Z] [runtime-status] [8158] Resolved module firebase-functions {"declared":true,"installed":true,"version":"3.14.1","resolution":"/Users/rio/Incline-Chestpress/functions/node_modules/firebase-functions/lib/index.js"} {"metadata":{"emulator":{"name":"functions"},"message":"[runtime-status] [8158] Resolved module firebase-functions {\"declared\":true,\"installed\":true,\"version\":\"3.14.1\",\"resolution\":\"/Users/rio/Incline-Chestpress/functions/node_modules/firebase-functions/lib/index.js\"}"}}
[debug] [2021-06-27T04:12:52.787Z] [runtime-status] [8158] Resolved module firebase-functions {"declared":true,"installed":true,"version":"3.14.1","resolution":"/Users/rio/Incline-Chestpress/functions/node_modules/firebase-functions/lib/index.js"} {"metadata":{"emulator":{"name":"functions"},"message":"[runtime-status] [8158] Resolved module firebase-functions {\"declared\":true,\"installed\":true,\"version\":\"3.14.1\",\"resolution\":\"/Users/rio/Incline-Chestpress/functions/node_modules/firebase-functions/lib/index.js\"}"}}
[debug] [2021-06-27T04:12:52.790Z] [runtime-status] [8158] Outgoing network have been stubbed. [{"name":"http","status":"mocked"},{"name":"http","status":"mocked"},{"name":"https","status":"mocked"},{"name":"https","status":"mocked"},{"name":"net","status":"mocked"}] {"metadata":{"emulator":{"name":"functions"},"message":"[runtime-status] [8158] Outgoing network have been stubbed. [{\"name\":\"http\",\"status\":\"mocked\"},{\"name\":\"http\",\"status\":\"mocked\"},{\"name\":\"https\",\"status\":\"mocked\"},{\"name\":\"https\",\"status\":\"mocked\"},{\"name\":\"net\",\"status\":\"mocked\"}]"}}
[debug] [2021-06-27T04:12:52.791Z] [runtime-status] [8158] Resolved module firebase-functions {"declared":true,"installed":true,"version":"3.14.1","resolution":"/Users/rio/Incline-Chestpress/functions/node_modules/firebase-functions/lib/index.js"} {"metadata":{"emulator":{"name":"functions"},"message":"[runtime-status] [8158] Resolved module firebase-functions {\"declared\":true,\"installed\":true,\"version\":\"3.14.1\",\"resolution\":\"/Users/rio/Incline-Chestpress/functions/node_modules/firebase-functions/lib/index.js\"}"}}
[debug] [2021-06-27T04:12:52.865Z] [runtime-status] [8158] Checked functions.config() {"config":{}} {"metadata":{"emulator":{"name":"functions"},"message":"[runtime-status] [8158] Checked functions.config() {\"config\":{}}"}}
[debug] [2021-06-27T04:12:52.866Z] [runtime-status] [8158] firebase-functions has been stubbed. {"functionsResolution":{"declared":true,"installed":true,"version":"3.14.1","resolution":"/Users/rio/Incline-Chestpress/functions/node_modules/firebase-functions/lib/index.js"}} {"metadata":{"emulator":{"name":"functions"},"message":"[runtime-status] [8158] firebase-functions has been stubbed. {\"functionsResolution\":{\"declared\":true,\"installed\":true,\"version\":\"3.14.1\",\"resolution\":\"/Users/rio/Incline-Chestpress/functions/node_modules/firebase-functions/lib/index.js\"}}"}}
[debug] [2021-06-27T04:12:52.866Z] [runtime-status] [8158] Resolved module firebase-functions {"declared":true,"installed":true,"version":"3.14.1","resolution":"/Users/rio/Incline-Chestpress/functions/node_modules/firebase-functions/lib/index.js"} {"metadata":{"emulator":{"name":"functions"},"message":"[runtime-status] [8158] Resolved module firebase-functions {\"declared\":true,\"installed\":true,\"version\":\"3.14.1\",\"resolution\":\"/Users/rio/Incline-Chestpress/functions/node_modules/firebase-functions/lib/index.js\"}"}}
[debug] [2021-06-27T04:12:52.867Z] [runtime-status] [8158] Resolved module firebase-admin {"declared":true,"installed":true,"version":"9.10.0","resolution":"/Users/rio/Incline-Chestpress/functions/node_modules/firebase-admin/lib/index.js"} {"metadata":{"emulator":{"name":"functions"},"message":"[runtime-status] [8158] Resolved module firebase-admin {\"declared\":true,\"installed\":true,\"version\":\"9.10.0\",\"resolution\":\"/Users/rio/Incline-Chestpress/functions/node_modules/firebase-admin/lib/index.js\"}"}}
[debug] [2021-06-27T04:12:52.868Z] [runtime-status] [8158] Resolved module firebase-functions {"declared":true,"installed":true,"version":"3.14.1","resolution":"/Users/rio/Incline-Chestpress/functions/node_modules/firebase-functions/lib/index.js"} {"metadata":{"emulator":{"name":"functions"},"message":"[runtime-status] [8158] Resolved module firebase-functions {\"declared\":true,\"installed\":true,\"version\":\"3.14.1\",\"resolution\":\"/Users/rio/Incline-Chestpress/functions/node_modules/firebase-functions/lib/index.js\"}"}}
[debug] [2021-06-27T04:12:52.868Z] [runtime-status] [8158] firebase-admin has been stubbed. {"adminResolution":{"declared":true,"installed":true,"version":"9.10.0","resolution":"/Users/rio/Incline-Chestpress/functions/node_modules/firebase-admin/lib/index.js"}} {"metadata":{"emulator":{"name":"functions"},"message":"[runtime-status] [8158] firebase-admin has been stubbed. {\"adminResolution\":{\"declared\":true,\"installed\":true,\"version\":\"9.10.0\",\"resolution\":\"/Users/rio/Incline-Chestpress/functions/node_modules/firebase-admin/lib/index.js\"}}"}}
[debug] [2021-06-27T04:12:53.074Z] [worker-~diagnostic~-0f7e6419-311a-43b5-8ad7-274344a8e348]: IDLE {"metadata":{"emulator":{"name":"functions"},"message":"[worker-~diagnostic~-0f7e6419-311a-43b5-8ad7-274344a8e348]: IDLE"}}
[debug] [2021-06-27T14:37:46.097Z] File /Users/rio/Incline-Chestpress/functions/package.json changed, reloading triggers {"metadata":{"emulator":{"name":"functions"},"message":"File /Users/rio/Incline-Chestpress/functions/package.json changed, reloading triggers"}}
[debug] [2021-06-27T14:37:47.106Z] [worker-pool] Shutting down IDLE worker (~diagnostic~) {"metadata":{"emulator":{"name":"functions"},"message":"[worker-pool] Shutting down IDLE worker (~diagnostic~)"}}
[debug] [2021-06-27T14:37:47.106Z] [worker-~diagnostic~-0f7e6419-311a-43b5-8ad7-274344a8e348]: FINISHING {"metadata":{"emulator":{"name":"functions"},"message":"[worker-~diagnostic~-0f7e6419-311a-43b5-8ad7-274344a8e348]: FINISHING"}}
[debug] [2021-06-27T14:37:47.119Z] [worker-pool] addWorker(~diagnostic~) {"metadata":{"emulator":{"name":"functions"},"message":"[worker-pool] addWorker(~diagnostic~)"}}
[debug] [2021-06-27T14:37:47.119Z] [worker-pool] Adding worker with key ~diagnostic~, total=2 {"metadata":{"emulator":{"name":"functions"},"message":"[worker-pool] Adding worker with key ~diagnostic~, total=2"}}
[debug] [2021-06-27T14:37:47.119Z] [worker-pool] submitWork(triggerId=) {"metadata":{"emulator":{"name":"functions"},"message":"[worker-pool] submitWork(triggerId=)"}}
[debug] [2021-06-27T14:37:47.119Z] [worker-~diagnostic~-deb0a124-65c4-4136-b314-ef81a5289400]: Assigning socketPath: /var/folders/6t/rwphtrh51358vzfbj6h4rkf00000gn/T/fire_emu_11403.sock {"metadata":{"emulator":{"name":"functions"},"message":"[worker-~diagnostic~-deb0a124-65c4-4136-b314-ef81a5289400]: Assigning socketPath: /var/folders/6t/rwphtrh51358vzfbj6h4rkf00000gn/T/fire_emu_11403.sock"}}
[debug] [2021-06-27T14:37:47.120Z] [worker-~diagnostic~-deb0a124-65c4-4136-b314-ef81a5289400]: BUSY {"metadata":{"emulator":{"name":"functions"},"message":"[worker-~diagnostic~-deb0a124-65c4-4136-b314-ef81a5289400]: BUSY"}}
[debug] [2021-06-27T14:37:47.121Z] [worker-~diagnostic~-0f7e6419-311a-43b5-8ad7-274344a8e348]: exited {"metadata":{"emulator":{"name":"functions"},"message":"[worker-~diagnostic~-0f7e6419-311a-43b5-8ad7-274344a8e348]: exited"}}
[debug] [2021-06-27T14:37:47.121Z] [worker-~diagnostic~-0f7e6419-311a-43b5-8ad7-274344a8e348]: FINISHED {"metadata":{"emulator":{"name":"functions"},"message":"[worker-~diagnostic~-0f7e6419-311a-43b5-8ad7-274344a8e348]: FINISHED"}}
[debug] [2021-06-27T14:37:47.383Z] [runtime-status] [11403] Functions runtime initialized. {"cwd":"/Users/rio/Incline-Chestpress/functions","node_version":"14.16.1"} {"metadata":{"emulator":{"name":"functions"},"message":"[runtime-status] [11403] Functions runtime initialized. {\"cwd\":\"/Users/rio/Incline-Chestpress/functions\",\"node_version\":\"14.16.1\"}"}}
[debug] [2021-06-27T14:37:47.385Z] [runtime-status] [11403] Disabled runtime features: undefined {"metadata":{"emulator":{"name":"functions"},"message":"[runtime-status] [11403] Disabled runtime features: undefined"}}
[debug] [2021-06-27T14:37:47.385Z] [runtime-status] [11403] Resolved module firebase-admin {"declared":true,"installed":true,"version":"9.10.0","resolution":"/Users/rio/Incline-Chestpress/functions/node_modules/firebase-admin/lib/index.js"} {"metadata":{"emulator":{"name":"functions"},"message":"[runtime-status] [11403] Resolved module firebase-admin {\"declared\":true,\"installed\":true,\"version\":\"9.10.0\",\"resolution\":\"/Users/rio/Incline-Chestpress/functions/node_modules/firebase-admin/lib/index.js\"}"}}
[debug] [2021-06-27T14:37:47.386Z] [runtime-status] [11403] Resolved module firebase-functions {"declared":true,"installed":true,"version":"3.14.1","resolution":"/Users/rio/Incline-Chestpress/functions/node_modules/firebase-functions/lib/index.js"} {"metadata":{"emulator":{"name":"functions"},"message":"[runtime-status] [11403] Resolved module firebase-functions {\"declared\":true,\"installed\":true,\"version\":\"3.14.1\",\"resolution\":\"/Users/rio/Incline-Chestpress/functions/node_modules/firebase-functions/lib/index.js\"}"}}
[debug] [2021-06-27T14:37:47.389Z] [runtime-status] [11403] Resolved module firebase-functions {"declared":true,"installed":true,"version":"3.14.1","resolution":"/Users/rio/Incline-Chestpress/functions/node_modules/firebase-functions/lib/index.js"} {"metadata":{"emulator":{"name":"functions"},"message":"[runtime-status] [11403] Resolved module firebase-functions {\"declared\":true,\"installed\":true,\"version\":\"3.14.1\",\"resolution\":\"/Users/rio/Incline-Chestpress/functions/node_modules/firebase-functions/lib/index.js\"}"}}
[debug] [2021-06-27T14:37:47.391Z] [runtime-status] [11403] Outgoing network have been stubbed. [{"name":"http","status":"mocked"},{"name":"http","status":"mocked"},{"name":"https","status":"mocked"},{"name":"https","status":"mocked"},{"name":"net","status":"mocked"}] {"metadata":{"emulator":{"name":"functions"},"message":"[runtime-status] [11403] Outgoing network have been stubbed. [{\"name\":\"http\",\"status\":\"mocked\"},{\"name\":\"http\",\"status\":\"mocked\"},{\"name\":\"https\",\"status\":\"mocked\"},{\"name\":\"https\",\"status\":\"mocked\"},{\"name\":\"net\",\"status\":\"mocked\"}]"}}
[debug] [2021-06-27T14:37:47.392Z] [runtime-status] [11403] Resolved module firebase-functions {"declared":true,"installed":true,"version":"3.14.1","resolution":"/Users/rio/Incline-Chestpress/functions/node_modules/firebase-functions/lib/index.js"} {"metadata":{"emulator":{"name":"functions"},"message":"[runtime-status] [11403] Resolved module firebase-functions {\"declared\":true,\"installed\":true,\"version\":\"3.14.1\",\"resolution\":\"/Users/rio/Incline-Chestpress/functions/node_modules/firebase-functions/lib/index.js\"}"}}
[debug] [2021-06-27T14:37:47.452Z] [runtime-status] [11403] Checked functions.config() {"config":{}} {"metadata":{"emulator":{"name":"functions"},"message":"[runtime-status] [11403] Checked functions.config() {\"config\":{}}"}}
[debug] [2021-06-27T14:37:47.452Z] [runtime-status] [11403] firebase-functions has been stubbed. {"functionsResolution":{"declared":true,"installed":true,"version":"3.14.1","resolution":"/Users/rio/Incline-Chestpress/functions/node_modules/firebase-functions/lib/index.js"}} {"metadata":{"emulator":{"name":"functions"},"message":"[runtime-status] [11403] firebase-functions has been stubbed. {\"functionsResolution\":{\"declared\":true,\"installed\":true,\"version\":\"3.14.1\",\"resolution\":\"/Users/rio/Incline-Chestpress/functions/node_modules/firebase-functions/lib/index.js\"}}"}}
[debug] [2021-06-27T14:37:47.452Z] [runtime-status] [11403] Resolved module firebase-functions {"declared":true,"installed":true,"version":"3.14.1","resolution":"/Users/rio/Incline-Chestpress/functions/node_modules/firebase-functions/lib/index.js"} {"metadata":{"emulator":{"name":"functions"},"message":"[runtime-status] [11403] Resolved module firebase-functions {\"declared\":true,\"installed\":true,\"version\":\"3.14.1\",\"resolution\":\"/Users/rio/Incline-Chestpress/functions/node_modules/firebase-functions/lib/index.js\"}"}}
[debug] [2021-06-27T14:37:47.453Z] [runtime-status] [11403] Resolved module firebase-admin {"declared":true,"installed":true,"version":"9.10.0","resolution":"/Users/rio/Incline-Chestpress/functions/node_modules/firebase-admin/lib/index.js"} {"metadata":{"emulator":{"name":"functions"},"message":"[runtime-status] [11403] Resolved module firebase-admin {\"declared\":true,\"installed\":true,\"version\":\"9.10.0\",\"resolution\":\"/Users/rio/Incline-Chestpress/functions/node_modules/firebase-admin/lib/index.js\"}"}}
[debug] [2021-06-27T14:37:47.453Z] [runtime-status] [11403] Resolved module firebase-functions {"declared":true,"installed":true,"version":"3.14.1","resolution":"/Users/rio/Incline-Chestpress/functions/node_modules/firebase-functions/lib/index.js"} {"metadata":{"emulator":{"name":"functions"},"message":"[runtime-status] [11403] Resolved module firebase-functions {\"declared\":true,\"installed\":true,\"version\":\"3.14.1\",\"resolution\":\"/Users/rio/Incline-Chestpress/functions/node_modules/firebase-functions/lib/index.js\"}"}}
[debug] [2021-06-27T14:37:47.453Z] [runtime-status] [11403] firebase-admin has been stubbed. {"adminResolution":{"declared":true,"installed":true,"version":"9.10.0","resolution":"/Users/rio/Incline-Chestpress/functions/node_modules/firebase-admin/lib/index.js"}} {"metadata":{"emulator":{"name":"functions"},"message":"[runtime-status] [11403] firebase-admin has been stubbed. {\"adminResolution\":{\"declared\":true,\"installed\":true,\"version\":\"9.10.0\",\"resolution\":\"/Users/rio/Incline-Chestpress/functions/node_modules/firebase-admin/lib/index.js\"}}"}}
[debug] [2021-06-27T14:37:47.640Z] [worker-~diagnostic~-deb0a124-65c4-4136-b314-ef81a5289400]: IDLE {"metadata":{"emulator":{"name":"functions"},"message":"[worker-~diagnostic~-deb0a124-65c4-4136-b314-ef81a5289400]: IDLE"}}
[debug] [2021-06-27T14:44:31.242Z] File /Users/rio/Incline-Chestpress/functions/package.json changed, reloading triggers {"metadata":{"emulator":{"name":"functions"},"message":"File /Users/rio/Incline-Chestpress/functions/package.json changed, reloading triggers"}}
[debug] [2021-06-27T14:44:32.247Z] [worker-pool] Shutting down IDLE worker (~diagnostic~) {"metadata":{"emulator":{"name":"functions"},"message":"[worker-pool] Shutting down IDLE worker (~diagnostic~)"}}
[debug] [2021-06-27T14:44:32.248Z] [worker-~diagnostic~-deb0a124-65c4-4136-b314-ef81a5289400]: FINISHING {"metadata":{"emulator":{"name":"functions"},"message":"[worker-~diagnostic~-deb0a124-65c4-4136-b314-ef81a5289400]: FINISHING"}}
[debug] [2021-06-27T14:44:32.248Z] [worker-pool] Cleaned up workers for ~diagnostic~: 2 --> 1 {"metadata":{"emulator":{"name":"functions"},"message":"[worker-pool] Cleaned up workers for ~diagnostic~: 2 --> 1"}}
[debug] [2021-06-27T14:44:32.259Z] [worker-pool] addWorker(~diagnostic~) {"metadata":{"emulator":{"name":"functions"},"message":"[worker-pool] addWorker(~diagnostic~)"}}
[debug] [2021-06-27T14:44:32.259Z] [worker-pool] Adding worker with key ~diagnostic~, total=2 {"metadata":{"emulator":{"name":"functions"},"message":"[worker-pool] Adding worker with key ~diagnostic~, total=2"}}
[debug] [2021-06-27T14:44:32.260Z] [worker-pool] submitWork(triggerId=) {"metadata":{"emulator":{"name":"functions"},"message":"[worker-pool] submitWork(triggerId=)"}}
[debug] [2021-06-27T14:44:32.260Z] [worker-~diagnostic~-cf269d1c-10e4-457b-a825-c45a12e92b9d]: Assigning socketPath: /var/folders/6t/rwphtrh51358vzfbj6h4rkf00000gn/T/fire_emu_11443.sock {"metadata":{"emulator":{"name":"functions"},"message":"[worker-~diagnostic~-cf269d1c-10e4-457b-a825-c45a12e92b9d]: Assigning socketPath: /var/folders/6t/rwphtrh51358vzfbj6h4rkf00000gn/T/fire_emu_11443.sock"}}
[debug] [2021-06-27T14:44:32.260Z] [worker-~diagnostic~-cf269d1c-10e4-457b-a825-c45a12e92b9d]: BUSY {"metadata":{"emulator":{"name":"functions"},"message":"[worker-~diagnostic~-cf269d1c-10e4-457b-a825-c45a12e92b9d]: BUSY"}}
[debug] [2021-06-27T14:44:32.262Z] [worker-~diagnostic~-deb0a124-65c4-4136-b314-ef81a5289400]: exited {"metadata":{"emulator":{"name":"functions"},"message":"[worker-~diagnostic~-deb0a124-65c4-4136-b314-ef81a5289400]: exited"}}
[debug] [2021-06-27T14:44:32.262Z] [worker-~diagnostic~-deb0a124-65c4-4136-b314-ef81a5289400]: FINISHED {"metadata":{"emulator":{"name":"functions"},"message":"[worker-~diagnostic~-deb0a124-65c4-4136-b314-ef81a5289400]: FINISHED"}}
[debug] [2021-06-27T14:44:32.518Z] [runtime-status] [11443] Functions runtime initialized. {"cwd":"/Users/rio/Incline-Chestpress/functions","node_version":"14.16.1"} {"metadata":{"emulator":{"name":"functions"},"message":"[runtime-status] [11443] Functions runtime initialized. {\"cwd\":\"/Users/rio/Incline-Chestpress/functions\",\"node_version\":\"14.16.1\"}"}}
[debug] [2021-06-27T14:44:32.519Z] [runtime-status] [11443] Disabled runtime features: undefined {"metadata":{"emulator":{"name":"functions"},"message":"[runtime-status] [11443] Disabled runtime features: undefined"}}
[debug] [2021-06-27T14:44:32.522Z] [runtime-status] [11443] Resolved module firebase-admin {"declared":true,"installed":true,"version":"9.10.0","resolution":"/Users/rio/Incline-Chestpress/functions/node_modules/firebase-admin/lib/index.js"} {"metadata":{"emulator":{"name":"functions"},"message":"[runtime-status] [11443] Resolved module firebase-admin {\"declared\":true,\"installed\":true,\"version\":\"9.10.0\",\"resolution\":\"/Users/rio/Incline-Chestpress/functions/node_modules/firebase-admin/lib/index.js\"}"}}
[debug] [2021-06-27T14:44:32.523Z] [runtime-status] [11443] Resolved module firebase-functions {"declared":true,"installed":true,"version":"3.14.1","resolution":"/Users/rio/Incline-Chestpress/functions/node_modules/firebase-functions/lib/index.js"} {"metadata":{"emulator":{"name":"functions"},"message":"[runtime-status] [11443] Resolved module firebase-functions {\"declared\":true,\"installed\":true,\"version\":\"3.14.1\",\"resolution\":\"/Users/rio/Incline-Chestpress/functions/node_modules/firebase-functions/lib/index.js\"}"}}
[debug] [2021-06-27T14:44:32.526Z] [runtime-status] [11443] Resolved module firebase-functions {"declared":true,"installed":true,"version":"3.14.1","resolution":"/Users/rio/Incline-Chestpress/functions/node_modules/firebase-functions/lib/index.js"} {"metadata":{"emulator":{"name":"functions"},"message":"[runtime-status] [11443] Resolved module firebase-functions {\"declared\":true,\"installed\":true,\"version\":\"3.14.1\",\"resolution\":\"/Users/rio/Incline-Chestpress/functions/node_modules/firebase-functions/lib/index.js\"}"}}
[debug] [2021-06-27T14:44:32.528Z] [runtime-status] [11443] Outgoing network have been stubbed. [{"name":"http","status":"mocked"},{"name":"http","status":"mocked"},{"name":"https","status":"mocked"},{"name":"https","status":"mocked"},{"name":"net","status":"mocked"}] {"metadata":{"emulator":{"name":"functions"},"message":"[runtime-status] [11443] Outgoing network have been stubbed. [{\"name\":\"http\",\"status\":\"mocked\"},{\"name\":\"http\",\"status\":\"mocked\"},{\"name\":\"https\",\"status\":\"mocked\"},{\"name\":\"https\",\"status\":\"mocked\"},{\"name\":\"net\",\"status\":\"mocked\"}]"}}
[debug] [2021-06-27T14:44:32.529Z] [runtime-status] [11443] Resolved module firebase-functions {"declared":true,"installed":true,"version":"3.14.1","resolution":"/Users/rio/Incline-Chestpress/functions/node_modules/firebase-functions/lib/index.js"} {"metadata":{"emulator":{"name":"functions"},"message":"[runtime-status] [11443] Resolved module firebase-functions {\"declared\":true,\"installed\":true,\"version\":\"3.14.1\",\"resolution\":\"/Users/rio/Incline-Chestpress/functions/node_modules/firebase-functions/lib/index.js\"}"}}
[debug] [2021-06-27T14:44:32.588Z] [runtime-status] [11443] Checked functions.config() {"config":{}} {"metadata":{"emulator":{"name":"functions"},"message":"[runtime-status] [11443] Checked functions.config() {\"config\":{}}"}}
[debug] [2021-06-27T14:44:32.589Z] [runtime-status] [11443] firebase-functions has been stubbed. {"functionsResolution":{"declared":true,"installed":true,"version":"3.14.1","resolution":"/Users/rio/Incline-Chestpress/functions/node_modules/firebase-functions/lib/index.js"}} {"metadata":{"emulator":{"name":"functions"},"message":"[runtime-status] [11443] firebase-functions has been stubbed. {\"functionsResolution\":{\"declared\":true,\"installed\":true,\"version\":\"3.14.1\",\"resolution\":\"/Users/rio/Incline-Chestpress/functions/node_modules/firebase-functions/lib/index.js\"}}"}}
[debug] [2021-06-27T14:44:32.589Z] [runtime-status] [11443] Resolved module firebase-functions {"declared":true,"installed":true,"version":"3.14.1","resolution":"/Users/rio/Incline-Chestpress/functions/node_modules/firebase-functions/lib/index.js"} {"metadata":{"emulator":{"name":"functions"},"message":"[runtime-status] [11443] Resolved module firebase-functions {\"declared\":true,\"installed\":true,\"version\":\"3.14.1\",\"resolution\":\"/Users/rio/Incline-Chestpress/functions/node_modules/firebase-functions/lib/index.js\"}"}}
[debug] [2021-06-27T14:44:32.590Z] [runtime-status] [11443] Resolved module firebase-admin {"declared":true,"installed":true,"version":"9.10.0","resolution":"/Users/rio/Incline-Chestpress/functions/node_modules/firebase-admin/lib/index.js"} {"metadata":{"emulator":{"name":"functions"},"message":"[runtime-status] [11443] Resolved module firebase-admin {\"declared\":true,\"installed\":true,\"version\":\"9.10.0\",\"resolution\":\"/Users/rio/Incline-Chestpress/functions/node_modules/firebase-admin/lib/index.js\"}"}}
[debug] [2021-06-27T14:44:32.590Z] [runtime-status] [11443] Resolved module firebase-functions {"declared":true,"installed":true,"version":"3.14.1","resolution":"/Users/rio/Incline-Chestpress/functions/node_modules/firebase-functions/lib/index.js"} {"metadata":{"emulator":{"name":"functions"},"message":"[runtime-status] [11443] Resolved module firebase-functions {\"declared\":true,\"installed\":true,\"version\":\"3.14.1\",\"resolution\":\"/Users/rio/Incline-Chestpress/functions/node_modules/firebase-functions/lib/index.js\"}"}}
[debug] [2021-06-27T14:44:32.590Z] [runtime-status] [11443] firebase-admin has been stubbed. {"adminResolution":{"declared":true,"installed":true,"version":"9.10.0","resolution":"/Users/rio/Incline-Chestpress/functions/node_modules/firebase-admin/lib/index.js"}} {"metadata":{"emulator":{"name":"functions"},"message":"[runtime-status] [11443] firebase-admin has been stubbed. {\"adminResolution\":{\"declared\":true,\"installed\":true,\"version\":\"9.10.0\",\"resolution\":\"/Users/rio/Incline-Chestpress/functions/node_modules/firebase-admin/lib/index.js\"}}"}}
[debug] [2021-06-27T14:44:32.779Z] [worker-~diagnostic~-cf269d1c-10e4-457b-a825-c45a12e92b9d]: IDLE {"metadata":{"emulator":{"name":"functions"},"message":"[worker-~diagnostic~-cf269d1c-10e4-457b-a825-c45a12e92b9d]: IDLE"}}
